<?xml version="1.0" encoding="UTF-8"?>
<!-- Generated by org.testng.reporters.JUnitReportReporter -->
<testsuite hostname="LAPTOP-2A3EUD0G" failures="0" tests="1" name="com.ejemplo.tests.CrossBrowserEdgeTest" time="1.845" errors="0" timestamp="2025-08-24T23:23:00 CLT" skipped="0">
  <testcase classname="com.ejemplo.tests.CrossBrowserEdgeTest" name="testAbrirGoogle" time="1.845"/>
</testsuite> <!-- com.ejemplo.tests.CrossBrowserEdgeTest -->
